[2025-05-28 17:45:06,864] INFO in auth: Invalid login attempt: blablabla
[2025-05-28 17:45:12,075] INFO in auth: Invalid login attempt: blablabla
[2025-05-28 17:45:21,491] INFO in auth: User logged in: blablabla, Interviewer
[2025-05-28 17:46:00,184] INFO in auth: User logged out: blablabla
[2025-05-29 09:46:28,328] INFO in __init__: Flask application startup
[2025-05-29 09:46:39,893] INFO in __init__: Flask application startup
[2025-05-29 09:51:04,135] INFO in __init__: Flask application startup
[2025-05-29 09:51:05,016] INFO in __init__: Flask application startup
[2025-05-29 09:52:29,727] INFO in auth: User logged in: vatsa, HR
[2025-05-29 09:57:01,928] INFO in __init__: Flask application startup
[2025-05-29 09:57:02,264] INFO in __init__: Flask application startup
[2025-05-29 09:57:10,685] INFO in auth: User logged in: john_doe, Admin
[2025-05-29 10:00:00,872] INFO in auth: User logged in: vatsa, HR
[2025-05-29 10:00:11,742] INFO in auth: User logged out: vatsa
[2025-05-29 10:13:42,216] INFO in __init__: Flask application startup
[2025-05-29 10:13:42,555] INFO in __init__: Flask application startup
[2025-05-29 10:13:50,351] INFO in auth: User logged in: vatsa, HR
[2025-05-29 10:15:34,045] INFO in __init__: Flask application startup
[2025-05-29 10:15:34,378] INFO in __init__: Flask application startup
[2025-05-29 10:15:45,844] INFO in auth: Invalid login attempt: shrivatsa26@gmail.com
[2025-05-29 10:15:50,200] INFO in auth: User logged in: vatsa, HR
[2025-05-29 10:22:06,148] INFO in __init__: Flask application startup
[2025-05-29 10:22:06,486] INFO in __init__: Flask application startup
[2025-05-29 10:22:13,258] INFO in auth: User logged in: vatsa, HR
[2025-05-29 10:29:55,023] INFO in auth: User logged out: vatsa
[2025-05-29 10:31:08,543] INFO in auth: User logged in: vatsa, HR
[2025-05-29 10:31:10,313] INFO in auth: User logged out: vatsa
[2025-05-29 10:31:30,669] INFO in auth: User logged in: vatsa, HR
[2025-05-29 10:31:32,183] INFO in auth: User logged out: vatsa
[2025-05-29 10:31:39,980] INFO in auth: User logged in: blablabla, Interviewer
[2025-05-29 10:31:52,919] INFO in auth: User logged out: blablabla
[2025-05-29 10:34:04,699] INFO in __init__: Flask application startup
[2025-05-29 10:34:28,086] INFO in __init__: Flask application startup
[2025-05-29 10:34:28,433] INFO in __init__: Flask application startup
[2025-05-29 10:34:33,874] INFO in auth: User logged in: vatsa, HR
[2025-05-29 10:37:36,498] INFO in __init__: Flask application startup
[2025-05-29 10:37:42,985] INFO in __init__: Flask application startup
[2025-05-29 10:37:53,170] INFO in auth: User logged in: vatsa, HR
[2025-05-29 10:54:31,760] INFO in __init__: Flask application startup
[2025-05-29 10:54:35,955] INFO in __init__: Flask application startup
[2025-05-29 11:08:30,654] INFO in __init__: Flask application startup
[2025-05-29 11:08:30,993] INFO in __init__: Flask application startup
[2025-05-29 11:08:40,292] INFO in auth: User logged in: john_doe, Admin
[2025-05-29 11:11:59,769] INFO in admin: Role updated for user Hunky-Dory: Interviewer by Admin john_doe
[2025-05-29 11:17:43,365] INFO in __init__: Flask application startup
[2025-05-29 11:17:43,706] INFO in __init__: Flask application startup
[2025-05-29 11:17:51,895] INFO in auth: User logged in: john_doe, Admin
[2025-05-29 11:18:01,447] INFO in admin: Role updated for user blablabla: Interviewer by Admin john_doe
[2025-05-29 11:18:28,839] INFO in __init__: Flask application startup
[2025-05-29 11:18:32,333] INFO in __init__: Flask application startup
[2025-05-29 11:35:55,549] INFO in __init__: Flask application startup
[2025-05-29 11:35:55,904] INFO in __init__: Flask application startup
[2025-05-29 11:36:49,415] INFO in auth: User logged in: john_doe, Admin
[2025-05-29 11:46:16,828] INFO in __init__: Flask application startup
[2025-05-29 11:47:09,662] INFO in __init__: Flask application startup
[2025-05-29 11:47:10,011] INFO in __init__: Flask application startup
[2025-05-29 11:47:21,932] INFO in auth: User logged in: john_doe, Admin
[2025-05-29 11:47:45,377] INFO in admin: Password updated for user Hunky-Dory by Admin john_doe
[2025-05-29 11:47:56,695] INFO in auth: User logged out: john_doe
